[2020-09-15 15:18:09] local.ERROR: could not find driver (SQL: select * from information_schema.tables where table_schema = bawaslu and table_name = migrations and table_type = 'BASE TABLE') {"exception":"[object] (Illuminate\\Database\\QueryException(code: 0): could not find driver (SQL: select * from information_schema.tables where table_schema = bawaslu and table_name = migrations and table_type = 'BASE TABLE') at /mnt/d/Workspace Dinar/bawaslu/vendor/laravel/framework/src/Illuminate/Database/Connection.php:664, PDOException(code: 0): could not find driver at /mnt/d/Workspace Dinar/bawaslu/vendor/laravel/framework/src/Illuminate/Database/Connectors/Connector.php:70)
[stacktrace]
#0 /mnt/d/Workspace Dinar/bawaslu/vendor/laravel/framework/src/Illuminate/Database/Connection.php(624): Illuminate\\Database\\Connection->runQueryCallback()
#1 /mnt/d/Workspace Dinar/bawaslu/vendor/laravel/framework/src/Illuminate/Database/Connection.php(333): Illuminate\\Database\\Connection->run()
#2 /mnt/d/Workspace Dinar/bawaslu/vendor/laravel/framework/src/Illuminate/Database/Schema/MySqlBuilder.php(18): Illuminate\\Database\\Connection->select()
#3 /mnt/d/Workspace Dinar/bawaslu/vendor/laravel/framework/src/Illuminate/Database/Migrations/DatabaseMigrationRepository.php(169): Illuminate\\Database\\Schema\\MySqlBuilder->hasTable()
#4 /mnt/d/Workspace Dinar/bawaslu/vendor/laravel/framework/src/Illuminate/Database/Migrations/Migrator.php(585): Illuminate\\Database\\Migrations\\DatabaseMigrationRepository->repositoryExists()
#5 /mnt/d/Workspace Dinar/bawaslu/vendor/laravel/framework/src/Illuminate/Database/Console/Migrations/MigrateCommand.php(91): Illuminate\\Database\\Migrations\\Migrator->repositoryExists()
#6 /mnt/d/Workspace Dinar/bawaslu/vendor/laravel/framework/src/Illuminate/Database/Console/Migrations/MigrateCommand.php(63): Illuminate\\Database\\Console\\Migrations\\MigrateCommand->prepareDatabase()
#7 [internal function]: Illuminate\\Database\\Console\\Migrations\\MigrateCommand->handle()
#8 /mnt/d/Workspace Dinar/bawaslu/vendor/laravel/framework/src/Illuminate/Container/BoundMethod.php(32): call_user_func_array()
#9 /mnt/d/Workspace Dinar/bawaslu/vendor/laravel/framework/src/Illuminate/Container/BoundMethod.php(90): Illuminate\\Container\\BoundMethod::Illuminate\\Container\\{closure}()
#10 /mnt/d/Workspace Dinar/bawaslu/vendor/laravel/framework/src/Illuminate/Container/BoundMethod.php(34): Illuminate\\Container\\BoundMethod::callBoundMethod()
#11 /mnt/d/Workspace Dinar/bawaslu/vendor/laravel/framework/src/Illuminate/Container/Container.php(576): Illuminate\\Container\\BoundMethod::call()
#12 /mnt/d/Workspace Dinar/bawaslu/vendor/laravel/framework/src/Illuminate/Console/Command.php(183): Illuminate\\Container\\Container->call()
#13 /mnt/d/Workspace Dinar/bawaslu/vendor/symfony/console/Command/Command.php(255): Illuminate\\Console\\Command->execute()
#14 /mnt/d/Workspace Dinar/bawaslu/vendor/laravel/framework/src/Illuminate/Console/Command.php(170): Symfony\\Component\\Console\\Command\\Command->run()
#15 /mnt/d/Workspace Dinar/bawaslu/vendor/symfony/console/Application.php(1005): Illuminate\\Console\\Command->run()
#16 /mnt/d/Workspace Dinar/bawaslu/vendor/symfony/console/Application.php(271): Symfony\\Component\\Console\\Application->doRunCommand()
#17 /mnt/d/Workspace Dinar/bawaslu/vendor/symfony/console/Application.php(147): Symfony\\Component\\Console\\Application->doRun()
#18 /mnt/d/Workspace Dinar/bawaslu/vendor/laravel/framework/src/Illuminate/Console/Application.php(90): Symfony\\Component\\Console\\Application->run()
#19 /mnt/d/Workspace Dinar/bawaslu/vendor/laravel/framework/src/Illuminate/Foundation/Console/Kernel.php(133): Illuminate\\Console\\Application->run()
#20 /mnt/d/Workspace Dinar/bawaslu/artisan(37): Illuminate\\Foundation\\Console\\Kernel->handle()
#21 {main}
"} 
[2020-09-15 15:21:07] local.ERROR: SQLSTATE[HY000] [2002] Connection refused (SQL: select * from information_schema.tables where table_schema = bawaslu and table_name = migrations and table_type = 'BASE TABLE') {"exception":"[object] (Illuminate\\Database\\QueryException(code: 2002): SQLSTATE[HY000] [2002] Connection refused (SQL: select * from information_schema.tables where table_schema = bawaslu and table_name = migrations and table_type = 'BASE TABLE') at /mnt/d/Workspace Dinar/bawaslu/vendor/laravel/framework/src/Illuminate/Database/Connection.php:664, PDOException(code: 2002): SQLSTATE[HY000] [2002] Connection refused at /mnt/d/Workspace Dinar/bawaslu/vendor/laravel/framework/src/Illuminate/Database/Connectors/Connector.php:70)
[stacktrace]
#0 /mnt/d/Workspace Dinar/bawaslu/vendor/laravel/framework/src/Illuminate/Database/Connection.php(624): Illuminate\\Database\\Connection->runQueryCallback()
#1 /mnt/d/Workspace Dinar/bawaslu/vendor/laravel/framework/src/Illuminate/Database/Connection.php(333): Illuminate\\Database\\Connection->run()
#2 /mnt/d/Workspace Dinar/bawaslu/vendor/laravel/framework/src/Illuminate/Database/Schema/MySqlBuilder.php(18): Illuminate\\Database\\Connection->select()
#3 /mnt/d/Workspace Dinar/bawaslu/vendor/laravel/framework/src/Illuminate/Database/Migrations/DatabaseMigrationRepository.php(169): Illuminate\\Database\\Schema\\MySqlBuilder->hasTable()
#4 /mnt/d/Workspace Dinar/bawaslu/vendor/laravel/framework/src/Illuminate/Database/Migrations/Migrator.php(585): Illuminate\\Database\\Migrations\\DatabaseMigrationRepository->repositoryExists()
#5 /mnt/d/Workspace Dinar/bawaslu/vendor/laravel/framework/src/Illuminate/Database/Console/Migrations/MigrateCommand.php(91): Illuminate\\Database\\Migrations\\Migrator->repositoryExists()
#6 /mnt/d/Workspace Dinar/bawaslu/vendor/laravel/framework/src/Illuminate/Database/Console/Migrations/MigrateCommand.php(63): Illuminate\\Database\\Console\\Migrations\\MigrateCommand->prepareDatabase()
#7 [internal function]: Illuminate\\Database\\Console\\Migrations\\MigrateCommand->handle()
#8 /mnt/d/Workspace Dinar/bawaslu/vendor/laravel/framework/src/Illuminate/Container/BoundMethod.php(32): call_user_func_array()
#9 /mnt/d/Workspace Dinar/bawaslu/vendor/laravel/framework/src/Illuminate/Container/BoundMethod.php(90): Illuminate\\Container\\BoundMethod::Illuminate\\Container\\{closure}()
#10 /mnt/d/Workspace Dinar/bawaslu/vendor/laravel/framework/src/Illuminate/Container/BoundMethod.php(34): Illuminate\\Container\\BoundMethod::callBoundMethod()
#11 /mnt/d/Workspace Dinar/bawaslu/vendor/laravel/framework/src/Illuminate/Container/Container.php(576): Illuminate\\Container\\BoundMethod::call()
#12 /mnt/d/Workspace Dinar/bawaslu/vendor/laravel/framework/src/Illuminate/Console/Command.php(183): Illuminate\\Container\\Container->call()
#13 /mnt/d/Workspace Dinar/bawaslu/vendor/symfony/console/Command/Command.php(255): Illuminate\\Console\\Command->execute()
#14 /mnt/d/Workspace Dinar/bawaslu/vendor/laravel/framework/src/Illuminate/Console/Command.php(170): Symfony\\Component\\Console\\Command\\Command->run()
#15 /mnt/d/Workspace Dinar/bawaslu/vendor/symfony/console/Application.php(1005): Illuminate\\Console\\Command->run()
#16 /mnt/d/Workspace Dinar/bawaslu/vendor/symfony/console/Application.php(271): Symfony\\Component\\Console\\Application->doRunCommand()
#17 /mnt/d/Workspace Dinar/bawaslu/vendor/symfony/console/Application.php(147): Symfony\\Component\\Console\\Application->doRun()
#18 /mnt/d/Workspace Dinar/bawaslu/vendor/laravel/framework/src/Illuminate/Console/Application.php(90): Symfony\\Component\\Console\\Application->run()
#19 /mnt/d/Workspace Dinar/bawaslu/vendor/laravel/framework/src/Illuminate/Foundation/Console/Kernel.php(133): Illuminate\\Console\\Application->run()
#20 /mnt/d/Workspace Dinar/bawaslu/artisan(37): Illuminate\\Foundation\\Console\\Kernel->handle()
#21 {main}
"} 
[2020-09-15 15:22:09] local.ERROR: SQLSTATE[HY000] [2002] Connection refused (SQL: select * from information_schema.tables where table_schema = bawaslu and table_name = migrations and table_type = 'BASE TABLE') {"exception":"[object] (Illuminate\\Database\\QueryException(code: 2002): SQLSTATE[HY000] [2002] Connection refused (SQL: select * from information_schema.tables where table_schema = bawaslu and table_name = migrations and table_type = 'BASE TABLE') at /mnt/d/Workspace Dinar/bawaslu/vendor/laravel/framework/src/Illuminate/Database/Connection.php:664, PDOException(code: 2002): SQLSTATE[HY000] [2002] Connection refused at /mnt/d/Workspace Dinar/bawaslu/vendor/laravel/framework/src/Illuminate/Database/Connectors/Connector.php:70)
[stacktrace]
#0 /mnt/d/Workspace Dinar/bawaslu/vendor/laravel/framework/src/Illuminate/Database/Connection.php(624): Illuminate\\Database\\Connection->runQueryCallback()
#1 /mnt/d/Workspace Dinar/bawaslu/vendor/laravel/framework/src/Illuminate/Database/Connection.php(333): Illuminate\\Database\\Connection->run()
#2 /mnt/d/Workspace Dinar/bawaslu/vendor/laravel/framework/src/Illuminate/Database/Schema/MySqlBuilder.php(18): Illuminate\\Database\\Connection->select()
#3 /mnt/d/Workspace Dinar/bawaslu/vendor/laravel/framework/src/Illuminate/Database/Migrations/DatabaseMigrationRepository.php(169): Illuminate\\Database\\Schema\\MySqlBuilder->hasTable()
#4 /mnt/d/Workspace Dinar/bawaslu/vendor/laravel/framework/src/Illuminate/Database/Migrations/Migrator.php(585): Illuminate\\Database\\Migrations\\DatabaseMigrationRepository->repositoryExists()
#5 /mnt/d/Workspace Dinar/bawaslu/vendor/laravel/framework/src/Illuminate/Database/Console/Migrations/MigrateCommand.php(91): Illuminate\\Database\\Migrations\\Migrator->repositoryExists()
#6 /mnt/d/Workspace Dinar/bawaslu/vendor/laravel/framework/src/Illuminate/Database/Console/Migrations/MigrateCommand.php(63): Illuminate\\Database\\Console\\Migrations\\MigrateCommand->prepareDatabase()
#7 [internal function]: Illuminate\\Database\\Console\\Migrations\\MigrateCommand->handle()
#8 /mnt/d/Workspace Dinar/bawaslu/vendor/laravel/framework/src/Illuminate/Container/BoundMethod.php(32): call_user_func_array()
#9 /mnt/d/Workspace Dinar/bawaslu/vendor/laravel/framework/src/Illuminate/Container/BoundMethod.php(90): Illuminate\\Container\\BoundMethod::Illuminate\\Container\\{closure}()
#10 /mnt/d/Workspace Dinar/bawaslu/vendor/laravel/framework/src/Illuminate/Container/BoundMethod.php(34): Illuminate\\Container\\BoundMethod::callBoundMethod()
#11 /mnt/d/Workspace Dinar/bawaslu/vendor/laravel/framework/src/Illuminate/Container/Container.php(576): Illuminate\\Container\\BoundMethod::call()
#12 /mnt/d/Workspace Dinar/bawaslu/vendor/laravel/framework/src/Illuminate/Console/Command.php(183): Illuminate\\Container\\Container->call()
#13 /mnt/d/Workspace Dinar/bawaslu/vendor/symfony/console/Command/Command.php(255): Illuminate\\Console\\Command->execute()
#14 /mnt/d/Workspace Dinar/bawaslu/vendor/laravel/framework/src/Illuminate/Console/Command.php(170): Symfony\\Component\\Console\\Command\\Command->run()
#15 /mnt/d/Workspace Dinar/bawaslu/vendor/symfony/console/Application.php(1005): Illuminate\\Console\\Command->run()
#16 /mnt/d/Workspace Dinar/bawaslu/vendor/symfony/console/Application.php(271): Symfony\\Component\\Console\\Application->doRunCommand()
#17 /mnt/d/Workspace Dinar/bawaslu/vendor/symfony/console/Application.php(147): Symfony\\Component\\Console\\Application->doRun()
#18 /mnt/d/Workspace Dinar/bawaslu/vendor/laravel/framework/src/Illuminate/Console/Application.php(90): Symfony\\Component\\Console\\Application->run()
#19 /mnt/d/Workspace Dinar/bawaslu/vendor/laravel/framework/src/Illuminate/Foundation/Console/Kernel.php(133): Illuminate\\Console\\Application->run()
#20 /mnt/d/Workspace Dinar/bawaslu/artisan(37): Illuminate\\Foundation\\Console\\Kernel->handle()
#21 {main}
"} 
[2020-09-15 15:23:14] local.ERROR: SQLSTATE[HY000] [2002] Connection refused (SQL: select * from information_schema.tables where table_schema = bawaslu and table_name = migrations and table_type = 'BASE TABLE') {"exception":"[object] (Illuminate\\Database\\QueryException(code: 2002): SQLSTATE[HY000] [2002] Connection refused (SQL: select * from information_schema.tables where table_schema = bawaslu and table_name = migrations and table_type = 'BASE TABLE') at /mnt/d/Workspace Dinar/bawaslu/vendor/laravel/framework/src/Illuminate/Database/Connection.php:664, PDOException(code: 2002): SQLSTATE[HY000] [2002] Connection refused at /mnt/d/Workspace Dinar/bawaslu/vendor/laravel/framework/src/Illuminate/Database/Connectors/Connector.php:70)
[stacktrace]
#0 /mnt/d/Workspace Dinar/bawaslu/vendor/laravel/framework/src/Illuminate/Database/Connection.php(624): Illuminate\\Database\\Connection->runQueryCallback()
#1 /mnt/d/Workspace Dinar/bawaslu/vendor/laravel/framework/src/Illuminate/Database/Connection.php(333): Illuminate\\Database\\Connection->run()
#2 /mnt/d/Workspace Dinar/bawaslu/vendor/laravel/framework/src/Illuminate/Database/Schema/MySqlBuilder.php(18): Illuminate\\Database\\Connection->select()
#3 /mnt/d/Workspace Dinar/bawaslu/vendor/laravel/framework/src/Illuminate/Database/Migrations/DatabaseMigrationRepository.php(169): Illuminate\\Database\\Schema\\MySqlBuilder->hasTable()
#4 /mnt/d/Workspace Dinar/bawaslu/vendor/laravel/framework/src/Illuminate/Database/Migrations/Migrator.php(585): Illuminate\\Database\\Migrations\\DatabaseMigrationRepository->repositoryExists()
#5 /mnt/d/Workspace Dinar/bawaslu/vendor/laravel/framework/src/Illuminate/Database/Console/Migrations/MigrateCommand.php(91): Illuminate\\Database\\Migrations\\Migrator->repositoryExists()
#6 /mnt/d/Workspace Dinar/bawaslu/vendor/laravel/framework/src/Illuminate/Database/Console/Migrations/MigrateCommand.php(63): Illuminate\\Database\\Console\\Migrations\\MigrateCommand->prepareDatabase()
#7 [internal function]: Illuminate\\Database\\Console\\Migrations\\MigrateCommand->handle()
#8 /mnt/d/Workspace Dinar/bawaslu/vendor/laravel/framework/src/Illuminate/Container/BoundMethod.php(32): call_user_func_array()
#9 /mnt/d/Workspace Dinar/bawaslu/vendor/laravel/framework/src/Illuminate/Container/BoundMethod.php(90): Illuminate\\Container\\BoundMethod::Illuminate\\Container\\{closure}()
#10 /mnt/d/Workspace Dinar/bawaslu/vendor/laravel/framework/src/Illuminate/Container/BoundMethod.php(34): Illuminate\\Container\\BoundMethod::callBoundMethod()
#11 /mnt/d/Workspace Dinar/bawaslu/vendor/laravel/framework/src/Illuminate/Container/Container.php(576): Illuminate\\Container\\BoundMethod::call()
#12 /mnt/d/Workspace Dinar/bawaslu/vendor/laravel/framework/src/Illuminate/Console/Command.php(183): Illuminate\\Container\\Container->call()
#13 /mnt/d/Workspace Dinar/bawaslu/vendor/symfony/console/Command/Command.php(255): Illuminate\\Console\\Command->execute()
#14 /mnt/d/Workspace Dinar/bawaslu/vendor/laravel/framework/src/Illuminate/Console/Command.php(170): Symfony\\Component\\Console\\Command\\Command->run()
#15 /mnt/d/Workspace Dinar/bawaslu/vendor/symfony/console/Application.php(1005): Illuminate\\Console\\Command->run()
#16 /mnt/d/Workspace Dinar/bawaslu/vendor/symfony/console/Application.php(271): Symfony\\Component\\Console\\Application->doRunCommand()
#17 /mnt/d/Workspace Dinar/bawaslu/vendor/symfony/console/Application.php(147): Symfony\\Component\\Console\\Application->doRun()
#18 /mnt/d/Workspace Dinar/bawaslu/vendor/laravel/framework/src/Illuminate/Console/Application.php(90): Symfony\\Component\\Console\\Application->run()
#19 /mnt/d/Workspace Dinar/bawaslu/vendor/laravel/framework/src/Illuminate/Foundation/Console/Kernel.php(133): Illuminate\\Console\\Application->run()
#20 /mnt/d/Workspace Dinar/bawaslu/artisan(37): Illuminate\\Foundation\\Console\\Kernel->handle()
#21 {main}
"} 
[2020-09-15 15:29:13] local.ERROR: SQLSTATE[HY000] [2002] Connection refused (SQL: select * from information_schema.tables where table_schema = bawaslu and table_name = migrations and table_type = 'BASE TABLE') {"exception":"[object] (Illuminate\\Database\\QueryException(code: 2002): SQLSTATE[HY000] [2002] Connection refused (SQL: select * from information_schema.tables where table_schema = bawaslu and table_name = migrations and table_type = 'BASE TABLE') at /mnt/d/Workspace Dinar/bawaslu/vendor/laravel/framework/src/Illuminate/Database/Connection.php:664, PDOException(code: 2002): SQLSTATE[HY000] [2002] Connection refused at /mnt/d/Workspace Dinar/bawaslu/vendor/laravel/framework/src/Illuminate/Database/Connectors/Connector.php:70)
[stacktrace]
#0 /mnt/d/Workspace Dinar/bawaslu/vendor/laravel/framework/src/Illuminate/Database/Connection.php(624): Illuminate\\Database\\Connection->runQueryCallback()
#1 /mnt/d/Workspace Dinar/bawaslu/vendor/laravel/framework/src/Illuminate/Database/Connection.php(333): Illuminate\\Database\\Connection->run()
#2 /mnt/d/Workspace Dinar/bawaslu/vendor/laravel/framework/src/Illuminate/Database/Schema/MySqlBuilder.php(18): Illuminate\\Database\\Connection->select()
#3 /mnt/d/Workspace Dinar/bawaslu/vendor/laravel/framework/src/Illuminate/Database/Migrations/DatabaseMigrationRepository.php(169): Illuminate\\Database\\Schema\\MySqlBuilder->hasTable()
#4 /mnt/d/Workspace Dinar/bawaslu/vendor/laravel/framework/src/Illuminate/Database/Migrations/Migrator.php(585): Illuminate\\Database\\Migrations\\DatabaseMigrationRepository->repositoryExists()
#5 /mnt/d/Workspace Dinar/bawaslu/vendor/laravel/framework/src/Illuminate/Database/Console/Migrations/MigrateCommand.php(91): Illuminate\\Database\\Migrations\\Migrator->repositoryExists()
#6 /mnt/d/Workspace Dinar/bawaslu/vendor/laravel/framework/src/Illuminate/Database/Console/Migrations/MigrateCommand.php(63): Illuminate\\Database\\Console\\Migrations\\MigrateCommand->prepareDatabase()
#7 [internal function]: Illuminate\\Database\\Console\\Migrations\\MigrateCommand->handle()
#8 /mnt/d/Workspace Dinar/bawaslu/vendor/laravel/framework/src/Illuminate/Container/BoundMethod.php(32): call_user_func_array()
#9 /mnt/d/Workspace Dinar/bawaslu/vendor/laravel/framework/src/Illuminate/Container/BoundMethod.php(90): Illuminate\\Container\\BoundMethod::Illuminate\\Container\\{closure}()
#10 /mnt/d/Workspace Dinar/bawaslu/vendor/laravel/framework/src/Illuminate/Container/BoundMethod.php(34): Illuminate\\Container\\BoundMethod::callBoundMethod()
#11 /mnt/d/Workspace Dinar/bawaslu/vendor/laravel/framework/src/Illuminate/Container/Container.php(576): Illuminate\\Container\\BoundMethod::call()
#12 /mnt/d/Workspace Dinar/bawaslu/vendor/laravel/framework/src/Illuminate/Console/Command.php(183): Illuminate\\Container\\Container->call()
#13 /mnt/d/Workspace Dinar/bawaslu/vendor/symfony/console/Command/Command.php(255): Illuminate\\Console\\Command->execute()
#14 /mnt/d/Workspace Dinar/bawaslu/vendor/laravel/framework/src/Illuminate/Console/Command.php(170): Symfony\\Component\\Console\\Command\\Command->run()
#15 /mnt/d/Workspace Dinar/bawaslu/vendor/symfony/console/Application.php(1005): Illuminate\\Console\\Command->run()
#16 /mnt/d/Workspace Dinar/bawaslu/vendor/symfony/console/Application.php(271): Symfony\\Component\\Console\\Application->doRunCommand()
#17 /mnt/d/Workspace Dinar/bawaslu/vendor/symfony/console/Application.php(147): Symfony\\Component\\Console\\Application->doRun()
#18 /mnt/d/Workspace Dinar/bawaslu/vendor/laravel/framework/src/Illuminate/Console/Application.php(90): Symfony\\Component\\Console\\Application->run()
#19 /mnt/d/Workspace Dinar/bawaslu/vendor/laravel/framework/src/Illuminate/Foundation/Console/Kernel.php(133): Illuminate\\Console\\Application->run()
#20 /mnt/d/Workspace Dinar/bawaslu/artisan(37): Illuminate\\Foundation\\Console\\Kernel->handle()
#21 {main}
"} 
[2020-09-15 15:39:29] local.ERROR: SQLSTATE[HY000] [2002] Connection refused (SQL: select * from information_schema.tables where table_schema = bawaslu and table_name = migrations and table_type = 'BASE TABLE') {"exception":"[object] (Illuminate\\Database\\QueryException(code: 2002): SQLSTATE[HY000] [2002] Connection refused (SQL: select * from information_schema.tables where table_schema = bawaslu and table_name = migrations and table_type = 'BASE TABLE') at /mnt/d/Workspace Dinar/bawaslu/vendor/laravel/framework/src/Illuminate/Database/Connection.php:664, PDOException(code: 2002): SQLSTATE[HY000] [2002] Connection refused at /mnt/d/Workspace Dinar/bawaslu/vendor/laravel/framework/src/Illuminate/Database/Connectors/Connector.php:70)
[stacktrace]
#0 /mnt/d/Workspace Dinar/bawaslu/vendor/laravel/framework/src/Illuminate/Database/Connection.php(624): Illuminate\\Database\\Connection->runQueryCallback()
#1 /mnt/d/Workspace Dinar/bawaslu/vendor/laravel/framework/src/Illuminate/Database/Connection.php(333): Illuminate\\Database\\Connection->run()
#2 /mnt/d/Workspace Dinar/bawaslu/vendor/laravel/framework/src/Illuminate/Database/Schema/MySqlBuilder.php(18): Illuminate\\Database\\Connection->select()
#3 /mnt/d/Workspace Dinar/bawaslu/vendor/laravel/framework/src/Illuminate/Database/Migrations/DatabaseMigrationRepository.php(169): Illuminate\\Database\\Schema\\MySqlBuilder->hasTable()
#4 /mnt/d/Workspace Dinar/bawaslu/vendor/laravel/framework/src/Illuminate/Database/Migrations/Migrator.php(585): Illuminate\\Database\\Migrations\\DatabaseMigrationRepository->repositoryExists()
#5 /mnt/d/Workspace Dinar/bawaslu/vendor/laravel/framework/src/Illuminate/Database/Console/Migrations/MigrateCommand.php(91): Illuminate\\Database\\Migrations\\Migrator->repositoryExists()
#6 /mnt/d/Workspace Dinar/bawaslu/vendor/laravel/framework/src/Illuminate/Database/Console/Migrations/MigrateCommand.php(63): Illuminate\\Database\\Console\\Migrations\\MigrateCommand->prepareDatabase()
#7 [internal function]: Illuminate\\Database\\Console\\Migrations\\MigrateCommand->handle()
#8 /mnt/d/Workspace Dinar/bawaslu/vendor/laravel/framework/src/Illuminate/Container/BoundMethod.php(32): call_user_func_array()
#9 /mnt/d/Workspace Dinar/bawaslu/vendor/laravel/framework/src/Illuminate/Container/BoundMethod.php(90): Illuminate\\Container\\BoundMethod::Illuminate\\Container\\{closure}()
#10 /mnt/d/Workspace Dinar/bawaslu/vendor/laravel/framework/src/Illuminate/Container/BoundMethod.php(34): Illuminate\\Container\\BoundMethod::callBoundMethod()
#11 /mnt/d/Workspace Dinar/bawaslu/vendor/laravel/framework/src/Illuminate/Container/Container.php(576): Illuminate\\Container\\BoundMethod::call()
#12 /mnt/d/Workspace Dinar/bawaslu/vendor/laravel/framework/src/Illuminate/Console/Command.php(183): Illuminate\\Container\\Container->call()
#13 /mnt/d/Workspace Dinar/bawaslu/vendor/symfony/console/Command/Command.php(255): Illuminate\\Console\\Command->execute()
#14 /mnt/d/Workspace Dinar/bawaslu/vendor/laravel/framework/src/Illuminate/Console/Command.php(170): Symfony\\Component\\Console\\Command\\Command->run()
#15 /mnt/d/Workspace Dinar/bawaslu/vendor/symfony/console/Application.php(1005): Illuminate\\Console\\Command->run()
#16 /mnt/d/Workspace Dinar/bawaslu/vendor/symfony/console/Application.php(271): Symfony\\Component\\Console\\Application->doRunCommand()
#17 /mnt/d/Workspace Dinar/bawaslu/vendor/symfony/console/Application.php(147): Symfony\\Component\\Console\\Application->doRun()
#18 /mnt/d/Workspace Dinar/bawaslu/vendor/laravel/framework/src/Illuminate/Console/Application.php(90): Symfony\\Component\\Console\\Application->run()
#19 /mnt/d/Workspace Dinar/bawaslu/vendor/laravel/framework/src/Illuminate/Foundation/Console/Kernel.php(133): Illuminate\\Console\\Application->run()
#20 /mnt/d/Workspace Dinar/bawaslu/artisan(37): Illuminate\\Foundation\\Console\\Kernel->handle()
#21 {main}
"} 
[2020-09-15 15:41:48] local.ERROR: SQLSTATE[HY000] [2002] Connection refused (SQL: select * from information_schema.tables where table_schema = bawaslu and table_name = migrations and table_type = 'BASE TABLE') {"exception":"[object] (Illuminate\\Database\\QueryException(code: 2002): SQLSTATE[HY000] [2002] Connection refused (SQL: select * from information_schema.tables where table_schema = bawaslu and table_name = migrations and table_type = 'BASE TABLE') at /mnt/d/Workspace Dinar/bawaslu/vendor/laravel/framework/src/Illuminate/Database/Connection.php:664, PDOException(code: 2002): SQLSTATE[HY000] [2002] Connection refused at /mnt/d/Workspace Dinar/bawaslu/vendor/laravel/framework/src/Illuminate/Database/Connectors/Connector.php:70)
[stacktrace]
#0 /mnt/d/Workspace Dinar/bawaslu/vendor/laravel/framework/src/Illuminate/Database/Connection.php(624): Illuminate\\Database\\Connection->runQueryCallback()
#1 /mnt/d/Workspace Dinar/bawaslu/vendor/laravel/framework/src/Illuminate/Database/Connection.php(333): Illuminate\\Database\\Connection->run()
#2 /mnt/d/Workspace Dinar/bawaslu/vendor/laravel/framework/src/Illuminate/Database/Schema/MySqlBuilder.php(18): Illuminate\\Database\\Connection->select()
#3 /mnt/d/Workspace Dinar/bawaslu/vendor/laravel/framework/src/Illuminate/Database/Migrations/DatabaseMigrationRepository.php(169): Illuminate\\Database\\Schema\\MySqlBuilder->hasTable()
#4 /mnt/d/Workspace Dinar/bawaslu/vendor/laravel/framework/src/Illuminate/Database/Migrations/Migrator.php(585): Illuminate\\Database\\Migrations\\DatabaseMigrationRepository->repositoryExists()
#5 /mnt/d/Workspace Dinar/bawaslu/vendor/laravel/framework/src/Illuminate/Database/Console/Migrations/MigrateCommand.php(91): Illuminate\\Database\\Migrations\\Migrator->repositoryExists()
#6 /mnt/d/Workspace Dinar/bawaslu/vendor/laravel/framework/src/Illuminate/Database/Console/Migrations/MigrateCommand.php(63): Illuminate\\Database\\Console\\Migrations\\MigrateCommand->prepareDatabase()
#7 [internal function]: Illuminate\\Database\\Console\\Migrations\\MigrateCommand->handle()
#8 /mnt/d/Workspace Dinar/bawaslu/vendor/laravel/framework/src/Illuminate/Container/BoundMethod.php(32): call_user_func_array()
#9 /mnt/d/Workspace Dinar/bawaslu/vendor/laravel/framework/src/Illuminate/Container/BoundMethod.php(90): Illuminate\\Container\\BoundMethod::Illuminate\\Container\\{closure}()
#10 /mnt/d/Workspace Dinar/bawaslu/vendor/laravel/framework/src/Illuminate/Container/BoundMethod.php(34): Illuminate\\Container\\BoundMethod::callBoundMethod()
#11 /mnt/d/Workspace Dinar/bawaslu/vendor/laravel/framework/src/Illuminate/Container/Container.php(576): Illuminate\\Container\\BoundMethod::call()
#12 /mnt/d/Workspace Dinar/bawaslu/vendor/laravel/framework/src/Illuminate/Console/Command.php(183): Illuminate\\Container\\Container->call()
#13 /mnt/d/Workspace Dinar/bawaslu/vendor/symfony/console/Command/Command.php(255): Illuminate\\Console\\Command->execute()
#14 /mnt/d/Workspace Dinar/bawaslu/vendor/laravel/framework/src/Illuminate/Console/Command.php(170): Symfony\\Component\\Console\\Command\\Command->run()
#15 /mnt/d/Workspace Dinar/bawaslu/vendor/symfony/console/Application.php(1005): Illuminate\\Console\\Command->run()
#16 /mnt/d/Workspace Dinar/bawaslu/vendor/symfony/console/Application.php(271): Symfony\\Component\\Console\\Application->doRunCommand()
#17 /mnt/d/Workspace Dinar/bawaslu/vendor/symfony/console/Application.php(147): Symfony\\Component\\Console\\Application->doRun()
#18 /mnt/d/Workspace Dinar/bawaslu/vendor/laravel/framework/src/Illuminate/Console/Application.php(90): Symfony\\Component\\Console\\Application->run()
#19 /mnt/d/Workspace Dinar/bawaslu/vendor/laravel/framework/src/Illuminate/Foundation/Console/Kernel.php(133): Illuminate\\Console\\Application->run()
#20 /mnt/d/Workspace Dinar/bawaslu/artisan(37): Illuminate\\Foundation\\Console\\Kernel->handle()
#21 {main}
"} 
[2020-09-15 15:41:53] local.ERROR: SQLSTATE[HY000] [2002] Connection refused (SQL: select * from information_schema.tables where table_schema = bawaslu and table_name = migrations and table_type = 'BASE TABLE') {"exception":"[object] (Illuminate\\Database\\QueryException(code: 2002): SQLSTATE[HY000] [2002] Connection refused (SQL: select * from information_schema.tables where table_schema = bawaslu and table_name = migrations and table_type = 'BASE TABLE') at /mnt/d/Workspace Dinar/bawaslu/vendor/laravel/framework/src/Illuminate/Database/Connection.php:664, PDOException(code: 2002): SQLSTATE[HY000] [2002] Connection refused at /mnt/d/Workspace Dinar/bawaslu/vendor/laravel/framework/src/Illuminate/Database/Connectors/Connector.php:70)
[stacktrace]
#0 /mnt/d/Workspace Dinar/bawaslu/vendor/laravel/framework/src/Illuminate/Database/Connection.php(624): Illuminate\\Database\\Connection->runQueryCallback()
#1 /mnt/d/Workspace Dinar/bawaslu/vendor/laravel/framework/src/Illuminate/Database/Connection.php(333): Illuminate\\Database\\Connection->run()
#2 /mnt/d/Workspace Dinar/bawaslu/vendor/laravel/framework/src/Illuminate/Database/Schema/MySqlBuilder.php(18): Illuminate\\Database\\Connection->select()
#3 /mnt/d/Workspace Dinar/bawaslu/vendor/laravel/framework/src/Illuminate/Database/Migrations/DatabaseMigrationRepository.php(169): Illuminate\\Database\\Schema\\MySqlBuilder->hasTable()
#4 /mnt/d/Workspace Dinar/bawaslu/vendor/laravel/framework/src/Illuminate/Database/Migrations/Migrator.php(585): Illuminate\\Database\\Migrations\\DatabaseMigrationRepository->repositoryExists()
#5 /mnt/d/Workspace Dinar/bawaslu/vendor/laravel/framework/src/Illuminate/Database/Console/Migrations/MigrateCommand.php(91): Illuminate\\Database\\Migrations\\Migrator->repositoryExists()
#6 /mnt/d/Workspace Dinar/bawaslu/vendor/laravel/framework/src/Illuminate/Database/Console/Migrations/MigrateCommand.php(63): Illuminate\\Database\\Console\\Migrations\\MigrateCommand->prepareDatabase()
#7 [internal function]: Illuminate\\Database\\Console\\Migrations\\MigrateCommand->handle()
#8 /mnt/d/Workspace Dinar/bawaslu/vendor/laravel/framework/src/Illuminate/Container/BoundMethod.php(32): call_user_func_array()
#9 /mnt/d/Workspace Dinar/bawaslu/vendor/laravel/framework/src/Illuminate/Container/BoundMethod.php(90): Illuminate\\Container\\BoundMethod::Illuminate\\Container\\{closure}()
#10 /mnt/d/Workspace Dinar/bawaslu/vendor/laravel/framework/src/Illuminate/Container/BoundMethod.php(34): Illuminate\\Container\\BoundMethod::callBoundMethod()
#11 /mnt/d/Workspace Dinar/bawaslu/vendor/laravel/framework/src/Illuminate/Container/Container.php(576): Illuminate\\Container\\BoundMethod::call()
#12 /mnt/d/Workspace Dinar/bawaslu/vendor/laravel/framework/src/Illuminate/Console/Command.php(183): Illuminate\\Container\\Container->call()
#13 /mnt/d/Workspace Dinar/bawaslu/vendor/symfony/console/Command/Command.php(255): Illuminate\\Console\\Command->execute()
#14 /mnt/d/Workspace Dinar/bawaslu/vendor/laravel/framework/src/Illuminate/Console/Command.php(170): Symfony\\Component\\Console\\Command\\Command->run()
#15 /mnt/d/Workspace Dinar/bawaslu/vendor/symfony/console/Application.php(1005): Illuminate\\Console\\Command->run()
#16 /mnt/d/Workspace Dinar/bawaslu/vendor/symfony/console/Application.php(271): Symfony\\Component\\Console\\Application->doRunCommand()
#17 /mnt/d/Workspace Dinar/bawaslu/vendor/symfony/console/Application.php(147): Symfony\\Component\\Console\\Application->doRun()
#18 /mnt/d/Workspace Dinar/bawaslu/vendor/laravel/framework/src/Illuminate/Console/Application.php(90): Symfony\\Component\\Console\\Application->run()
#19 /mnt/d/Workspace Dinar/bawaslu/vendor/laravel/framework/src/Illuminate/Foundation/Console/Kernel.php(133): Illuminate\\Console\\Application->run()
#20 /mnt/d/Workspace Dinar/bawaslu/artisan(37): Illuminate\\Foundation\\Console\\Kernel->handle()
#21 {main}
"} 
[2020-09-15 15:44:41] local.ERROR: SQLSTATE[HY000] [2002] Connection refused (SQL: select * from information_schema.tables where table_schema = bawaslu and table_name = migrations and table_type = 'BASE TABLE') {"exception":"[object] (Illuminate\\Database\\QueryException(code: 2002): SQLSTATE[HY000] [2002] Connection refused (SQL: select * from information_schema.tables where table_schema = bawaslu and table_name = migrations and table_type = 'BASE TABLE') at /mnt/d/Workspace Dinar/bawaslu/vendor/laravel/framework/src/Illuminate/Database/Connection.php:664, PDOException(code: 2002): SQLSTATE[HY000] [2002] Connection refused at /mnt/d/Workspace Dinar/bawaslu/vendor/laravel/framework/src/Illuminate/Database/Connectors/Connector.php:70)
[stacktrace]
#0 /mnt/d/Workspace Dinar/bawaslu/vendor/laravel/framework/src/Illuminate/Database/Connection.php(624): Illuminate\\Database\\Connection->runQueryCallback()
#1 /mnt/d/Workspace Dinar/bawaslu/vendor/laravel/framework/src/Illuminate/Database/Connection.php(333): Illuminate\\Database\\Connection->run()
#2 /mnt/d/Workspace Dinar/bawaslu/vendor/laravel/framework/src/Illuminate/Database/Schema/MySqlBuilder.php(18): Illuminate\\Database\\Connection->select()
#3 /mnt/d/Workspace Dinar/bawaslu/vendor/laravel/framework/src/Illuminate/Database/Migrations/DatabaseMigrationRepository.php(169): Illuminate\\Database\\Schema\\MySqlBuilder->hasTable()
#4 /mnt/d/Workspace Dinar/bawaslu/vendor/laravel/framework/src/Illuminate/Database/Migrations/Migrator.php(585): Illuminate\\Database\\Migrations\\DatabaseMigrationRepository->repositoryExists()
#5 /mnt/d/Workspace Dinar/bawaslu/vendor/laravel/framework/src/Illuminate/Database/Console/Migrations/MigrateCommand.php(91): Illuminate\\Database\\Migrations\\Migrator->repositoryExists()
#6 /mnt/d/Workspace Dinar/bawaslu/vendor/laravel/framework/src/Illuminate/Database/Console/Migrations/MigrateCommand.php(63): Illuminate\\Database\\Console\\Migrations\\MigrateCommand->prepareDatabase()
#7 [internal function]: Illuminate\\Database\\Console\\Migrations\\MigrateCommand->handle()
#8 /mnt/d/Workspace Dinar/bawaslu/vendor/laravel/framework/src/Illuminate/Container/BoundMethod.php(32): call_user_func_array()
#9 /mnt/d/Workspace Dinar/bawaslu/vendor/laravel/framework/src/Illuminate/Container/BoundMethod.php(90): Illuminate\\Container\\BoundMethod::Illuminate\\Container\\{closure}()
#10 /mnt/d/Workspace Dinar/bawaslu/vendor/laravel/framework/src/Illuminate/Container/BoundMethod.php(34): Illuminate\\Container\\BoundMethod::callBoundMethod()
#11 /mnt/d/Workspace Dinar/bawaslu/vendor/laravel/framework/src/Illuminate/Container/Container.php(576): Illuminate\\Container\\BoundMethod::call()
#12 /mnt/d/Workspace Dinar/bawaslu/vendor/laravel/framework/src/Illuminate/Console/Command.php(183): Illuminate\\Container\\Container->call()
#13 /mnt/d/Workspace Dinar/bawaslu/vendor/symfony/console/Command/Command.php(255): Illuminate\\Console\\Command->execute()
#14 /mnt/d/Workspace Dinar/bawaslu/vendor/laravel/framework/src/Illuminate/Console/Command.php(170): Symfony\\Component\\Console\\Command\\Command->run()
#15 /mnt/d/Workspace Dinar/bawaslu/vendor/symfony/console/Application.php(1005): Illuminate\\Console\\Command->run()
#16 /mnt/d/Workspace Dinar/bawaslu/vendor/symfony/console/Application.php(271): Symfony\\Component\\Console\\Application->doRunCommand()
#17 /mnt/d/Workspace Dinar/bawaslu/vendor/symfony/console/Application.php(147): Symfony\\Component\\Console\\Application->doRun()
#18 /mnt/d/Workspace Dinar/bawaslu/vendor/laravel/framework/src/Illuminate/Console/Application.php(90): Symfony\\Component\\Console\\Application->run()
#19 /mnt/d/Workspace Dinar/bawaslu/vendor/laravel/framework/src/Illuminate/Foundation/Console/Kernel.php(133): Illuminate\\Console\\Application->run()
#20 /mnt/d/Workspace Dinar/bawaslu/artisan(37): Illuminate\\Foundation\\Console\\Kernel->handle()
#21 {main}
"} 
[2020-09-15 15:50:04] local.ERROR: SQLSTATE[HY000] [2002] Connection refused (SQL: select * from information_schema.tables where table_schema = bawaslu and table_name = migrations and table_type = 'BASE TABLE') {"exception":"[object] (Illuminate\\Database\\QueryException(code: 2002): SQLSTATE[HY000] [2002] Connection refused (SQL: select * from information_schema.tables where table_schema = bawaslu and table_name = migrations and table_type = 'BASE TABLE') at /mnt/d/Workspace Dinar/bawaslu/vendor/laravel/framework/src/Illuminate/Database/Connection.php:664, PDOException(code: 2002): SQLSTATE[HY000] [2002] Connection refused at /mnt/d/Workspace Dinar/bawaslu/vendor/laravel/framework/src/Illuminate/Database/Connectors/Connector.php:70)
[stacktrace]
#0 /mnt/d/Workspace Dinar/bawaslu/vendor/laravel/framework/src/Illuminate/Database/Connection.php(624): Illuminate\\Database\\Connection->runQueryCallback()
#1 /mnt/d/Workspace Dinar/bawaslu/vendor/laravel/framework/src/Illuminate/Database/Connection.php(333): Illuminate\\Database\\Connection->run()
#2 /mnt/d/Workspace Dinar/bawaslu/vendor/laravel/framework/src/Illuminate/Database/Schema/MySqlBuilder.php(18): Illuminate\\Database\\Connection->select()
#3 /mnt/d/Workspace Dinar/bawaslu/vendor/laravel/framework/src/Illuminate/Database/Migrations/DatabaseMigrationRepository.php(169): Illuminate\\Database\\Schema\\MySqlBuilder->hasTable()
#4 /mnt/d/Workspace Dinar/bawaslu/vendor/laravel/framework/src/Illuminate/Database/Migrations/Migrator.php(585): Illuminate\\Database\\Migrations\\DatabaseMigrationRepository->repositoryExists()
#5 /mnt/d/Workspace Dinar/bawaslu/vendor/laravel/framework/src/Illuminate/Database/Console/Migrations/MigrateCommand.php(91): Illuminate\\Database\\Migrations\\Migrator->repositoryExists()
#6 /mnt/d/Workspace Dinar/bawaslu/vendor/laravel/framework/src/Illuminate/Database/Console/Migrations/MigrateCommand.php(63): Illuminate\\Database\\Console\\Migrations\\MigrateCommand->prepareDatabase()
#7 [internal function]: Illuminate\\Database\\Console\\Migrations\\MigrateCommand->handle()
#8 /mnt/d/Workspace Dinar/bawaslu/vendor/laravel/framework/src/Illuminate/Container/BoundMethod.php(32): call_user_func_array()
#9 /mnt/d/Workspace Dinar/bawaslu/vendor/laravel/framework/src/Illuminate/Container/BoundMethod.php(90): Illuminate\\Container\\BoundMethod::Illuminate\\Container\\{closure}()
#10 /mnt/d/Workspace Dinar/bawaslu/vendor/laravel/framework/src/Illuminate/Container/BoundMethod.php(34): Illuminate\\Container\\BoundMethod::callBoundMethod()
#11 /mnt/d/Workspace Dinar/bawaslu/vendor/laravel/framework/src/Illuminate/Container/Container.php(576): Illuminate\\Container\\BoundMethod::call()
#12 /mnt/d/Workspace Dinar/bawaslu/vendor/laravel/framework/src/Illuminate/Console/Command.php(183): Illuminate\\Container\\Container->call()
#13 /mnt/d/Workspace Dinar/bawaslu/vendor/symfony/console/Command/Command.php(255): Illuminate\\Console\\Command->execute()
#14 /mnt/d/Workspace Dinar/bawaslu/vendor/laravel/framework/src/Illuminate/Console/Command.php(170): Symfony\\Component\\Console\\Command\\Command->run()
#15 /mnt/d/Workspace Dinar/bawaslu/vendor/symfony/console/Application.php(1005): Illuminate\\Console\\Command->run()
#16 /mnt/d/Workspace Dinar/bawaslu/vendor/symfony/console/Application.php(271): Symfony\\Component\\Console\\Application->doRunCommand()
#17 /mnt/d/Workspace Dinar/bawaslu/vendor/symfony/console/Application.php(147): Symfony\\Component\\Console\\Application->doRun()
#18 /mnt/d/Workspace Dinar/bawaslu/vendor/laravel/framework/src/Illuminate/Console/Application.php(90): Symfony\\Component\\Console\\Application->run()
#19 /mnt/d/Workspace Dinar/bawaslu/vendor/laravel/framework/src/Illuminate/Foundation/Console/Kernel.php(133): Illuminate\\Console\\Application->run()
#20 /mnt/d/Workspace Dinar/bawaslu/artisan(37): Illuminate\\Foundation\\Console\\Kernel->handle()
#21 {main}
"} 
[2020-09-15 15:50:44] local.ERROR: SQLSTATE[HY000] [2002] Connection refused (SQL: select * from information_schema.tables where table_schema = bawaslu and table_name = migrations and table_type = 'BASE TABLE') {"exception":"[object] (Illuminate\\Database\\QueryException(code: 2002): SQLSTATE[HY000] [2002] Connection refused (SQL: select * from information_schema.tables where table_schema = bawaslu and table_name = migrations and table_type = 'BASE TABLE') at /mnt/d/Workspace Dinar/bawaslu/vendor/laravel/framework/src/Illuminate/Database/Connection.php:664, PDOException(code: 2002): SQLSTATE[HY000] [2002] Connection refused at /mnt/d/Workspace Dinar/bawaslu/vendor/laravel/framework/src/Illuminate/Database/Connectors/Connector.php:70)
[stacktrace]
#0 /mnt/d/Workspace Dinar/bawaslu/vendor/laravel/framework/src/Illuminate/Database/Connection.php(624): Illuminate\\Database\\Connection->runQueryCallback()
#1 /mnt/d/Workspace Dinar/bawaslu/vendor/laravel/framework/src/Illuminate/Database/Connection.php(333): Illuminate\\Database\\Connection->run()
#2 /mnt/d/Workspace Dinar/bawaslu/vendor/laravel/framework/src/Illuminate/Database/Schema/MySqlBuilder.php(18): Illuminate\\Database\\Connection->select()
#3 /mnt/d/Workspace Dinar/bawaslu/vendor/laravel/framework/src/Illuminate/Database/Migrations/DatabaseMigrationRepository.php(169): Illuminate\\Database\\Schema\\MySqlBuilder->hasTable()
#4 /mnt/d/Workspace Dinar/bawaslu/vendor/laravel/framework/src/Illuminate/Database/Migrations/Migrator.php(585): Illuminate\\Database\\Migrations\\DatabaseMigrationRepository->repositoryExists()
#5 /mnt/d/Workspace Dinar/bawaslu/vendor/laravel/framework/src/Illuminate/Database/Console/Migrations/MigrateCommand.php(91): Illuminate\\Database\\Migrations\\Migrator->repositoryExists()
#6 /mnt/d/Workspace Dinar/bawaslu/vendor/laravel/framework/src/Illuminate/Database/Console/Migrations/MigrateCommand.php(63): Illuminate\\Database\\Console\\Migrations\\MigrateCommand->prepareDatabase()
#7 [internal function]: Illuminate\\Database\\Console\\Migrations\\MigrateCommand->handle()
#8 /mnt/d/Workspace Dinar/bawaslu/vendor/laravel/framework/src/Illuminate/Container/BoundMethod.php(32): call_user_func_array()
#9 /mnt/d/Workspace Dinar/bawaslu/vendor/laravel/framework/src/Illuminate/Container/BoundMethod.php(90): Illuminate\\Container\\BoundMethod::Illuminate\\Container\\{closure}()
#10 /mnt/d/Workspace Dinar/bawaslu/vendor/laravel/framework/src/Illuminate/Container/BoundMethod.php(34): Illuminate\\Container\\BoundMethod::callBoundMethod()
#11 /mnt/d/Workspace Dinar/bawaslu/vendor/laravel/framework/src/Illuminate/Container/Container.php(576): Illuminate\\Container\\BoundMethod::call()
#12 /mnt/d/Workspace Dinar/bawaslu/vendor/laravel/framework/src/Illuminate/Console/Command.php(183): Illuminate\\Container\\Container->call()
#13 /mnt/d/Workspace Dinar/bawaslu/vendor/symfony/console/Command/Command.php(255): Illuminate\\Console\\Command->execute()
#14 /mnt/d/Workspace Dinar/bawaslu/vendor/laravel/framework/src/Illuminate/Console/Command.php(170): Symfony\\Component\\Console\\Command\\Command->run()
#15 /mnt/d/Workspace Dinar/bawaslu/vendor/symfony/console/Application.php(1005): Illuminate\\Console\\Command->run()
#16 /mnt/d/Workspace Dinar/bawaslu/vendor/symfony/console/Application.php(271): Symfony\\Component\\Console\\Application->doRunCommand()
#17 /mnt/d/Workspace Dinar/bawaslu/vendor/symfony/console/Application.php(147): Symfony\\Component\\Console\\Application->doRun()
#18 /mnt/d/Workspace Dinar/bawaslu/vendor/laravel/framework/src/Illuminate/Console/Application.php(90): Symfony\\Component\\Console\\Application->run()
#19 /mnt/d/Workspace Dinar/bawaslu/vendor/laravel/framework/src/Illuminate/Foundation/Console/Kernel.php(133): Illuminate\\Console\\Application->run()
#20 /mnt/d/Workspace Dinar/bawaslu/artisan(37): Illuminate\\Foundation\\Console\\Kernel->handle()
#21 {main}
"} 
[2020-09-15 15:53:44] local.ERROR: SQLSTATE[HY000] [2002] Connection refused (SQL: select * from information_schema.tables where table_schema = bawaslu and table_name = migrations and table_type = 'BASE TABLE') {"exception":"[object] (Illuminate\\Database\\QueryException(code: 2002): SQLSTATE[HY000] [2002] Connection refused (SQL: select * from information_schema.tables where table_schema = bawaslu and table_name = migrations and table_type = 'BASE TABLE') at /mnt/d/Workspace Dinar/bawaslu/vendor/laravel/framework/src/Illuminate/Database/Connection.php:664, PDOException(code: 2002): SQLSTATE[HY000] [2002] Connection refused at /mnt/d/Workspace Dinar/bawaslu/vendor/laravel/framework/src/Illuminate/Database/Connectors/Connector.php:70)
[stacktrace]
#0 /mnt/d/Workspace Dinar/bawaslu/vendor/laravel/framework/src/Illuminate/Database/Connection.php(624): Illuminate\\Database\\Connection->runQueryCallback()
#1 /mnt/d/Workspace Dinar/bawaslu/vendor/laravel/framework/src/Illuminate/Database/Connection.php(333): Illuminate\\Database\\Connection->run()
#2 /mnt/d/Workspace Dinar/bawaslu/vendor/laravel/framework/src/Illuminate/Database/Schema/MySqlBuilder.php(18): Illuminate\\Database\\Connection->select()
#3 /mnt/d/Workspace Dinar/bawaslu/vendor/laravel/framework/src/Illuminate/Database/Migrations/DatabaseMigrationRepository.php(169): Illuminate\\Database\\Schema\\MySqlBuilder->hasTable()
#4 /mnt/d/Workspace Dinar/bawaslu/vendor/laravel/framework/src/Illuminate/Database/Migrations/Migrator.php(585): Illuminate\\Database\\Migrations\\DatabaseMigrationRepository->repositoryExists()
#5 /mnt/d/Workspace Dinar/bawaslu/vendor/laravel/framework/src/Illuminate/Database/Console/Migrations/MigrateCommand.php(91): Illuminate\\Database\\Migrations\\Migrator->repositoryExists()
#6 /mnt/d/Workspace Dinar/bawaslu/vendor/laravel/framework/src/Illuminate/Database/Console/Migrations/MigrateCommand.php(63): Illuminate\\Database\\Console\\Migrations\\MigrateCommand->prepareDatabase()
#7 [internal function]: Illuminate\\Database\\Console\\Migrations\\MigrateCommand->handle()
#8 /mnt/d/Workspace Dinar/bawaslu/vendor/laravel/framework/src/Illuminate/Container/BoundMethod.php(32): call_user_func_array()
#9 /mnt/d/Workspace Dinar/bawaslu/vendor/laravel/framework/src/Illuminate/Container/BoundMethod.php(90): Illuminate\\Container\\BoundMethod::Illuminate\\Container\\{closure}()
#10 /mnt/d/Workspace Dinar/bawaslu/vendor/laravel/framework/src/Illuminate/Container/BoundMethod.php(34): Illuminate\\Container\\BoundMethod::callBoundMethod()
#11 /mnt/d/Workspace Dinar/bawaslu/vendor/laravel/framework/src/Illuminate/Container/Container.php(576): Illuminate\\Container\\BoundMethod::call()
#12 /mnt/d/Workspace Dinar/bawaslu/vendor/laravel/framework/src/Illuminate/Console/Command.php(183): Illuminate\\Container\\Container->call()
#13 /mnt/d/Workspace Dinar/bawaslu/vendor/symfony/console/Command/Command.php(255): Illuminate\\Console\\Command->execute()
#14 /mnt/d/Workspace Dinar/bawaslu/vendor/laravel/framework/src/Illuminate/Console/Command.php(170): Symfony\\Component\\Console\\Command\\Command->run()
#15 /mnt/d/Workspace Dinar/bawaslu/vendor/symfony/console/Application.php(1005): Illuminate\\Console\\Command->run()
#16 /mnt/d/Workspace Dinar/bawaslu/vendor/symfony/console/Application.php(271): Symfony\\Component\\Console\\Application->doRunCommand()
#17 /mnt/d/Workspace Dinar/bawaslu/vendor/symfony/console/Application.php(147): Symfony\\Component\\Console\\Application->doRun()
#18 /mnt/d/Workspace Dinar/bawaslu/vendor/laravel/framework/src/Illuminate/Console/Application.php(90): Symfony\\Component\\Console\\Application->run()
#19 /mnt/d/Workspace Dinar/bawaslu/vendor/laravel/framework/src/Illuminate/Foundation/Console/Kernel.php(133): Illuminate\\Console\\Application->run()
#20 /mnt/d/Workspace Dinar/bawaslu/artisan(37): Illuminate\\Foundation\\Console\\Kernel->handle()
#21 {main}
"} 
[2020-09-15 15:55:39] local.ERROR: SQLSTATE[HY000] [2002] Connection refused (SQL: select * from information_schema.tables where table_schema = bawaslu and table_name = migrations and table_type = 'BASE TABLE') {"exception":"[object] (Illuminate\\Database\\QueryException(code: 2002): SQLSTATE[HY000] [2002] Connection refused (SQL: select * from information_schema.tables where table_schema = bawaslu and table_name = migrations and table_type = 'BASE TABLE') at /mnt/d/Workspace Dinar/bawaslu/vendor/laravel/framework/src/Illuminate/Database/Connection.php:664, PDOException(code: 2002): SQLSTATE[HY000] [2002] Connection refused at /mnt/d/Workspace Dinar/bawaslu/vendor/laravel/framework/src/Illuminate/Database/Connectors/Connector.php:70)
[stacktrace]
#0 /mnt/d/Workspace Dinar/bawaslu/vendor/laravel/framework/src/Illuminate/Database/Connection.php(624): Illuminate\\Database\\Connection->runQueryCallback()
#1 /mnt/d/Workspace Dinar/bawaslu/vendor/laravel/framework/src/Illuminate/Database/Connection.php(333): Illuminate\\Database\\Connection->run()
#2 /mnt/d/Workspace Dinar/bawaslu/vendor/laravel/framework/src/Illuminate/Database/Schema/MySqlBuilder.php(18): Illuminate\\Database\\Connection->select()
#3 /mnt/d/Workspace Dinar/bawaslu/vendor/laravel/framework/src/Illuminate/Database/Migrations/DatabaseMigrationRepository.php(169): Illuminate\\Database\\Schema\\MySqlBuilder->hasTable()
#4 /mnt/d/Workspace Dinar/bawaslu/vendor/laravel/framework/src/Illuminate/Database/Migrations/Migrator.php(585): Illuminate\\Database\\Migrations\\DatabaseMigrationRepository->repositoryExists()
#5 /mnt/d/Workspace Dinar/bawaslu/vendor/laravel/framework/src/Illuminate/Database/Console/Migrations/MigrateCommand.php(91): Illuminate\\Database\\Migrations\\Migrator->repositoryExists()
#6 /mnt/d/Workspace Dinar/bawaslu/vendor/laravel/framework/src/Illuminate/Database/Console/Migrations/MigrateCommand.php(63): Illuminate\\Database\\Console\\Migrations\\MigrateCommand->prepareDatabase()
#7 [internal function]: Illuminate\\Database\\Console\\Migrations\\MigrateCommand->handle()
#8 /mnt/d/Workspace Dinar/bawaslu/vendor/laravel/framework/src/Illuminate/Container/BoundMethod.php(32): call_user_func_array()
#9 /mnt/d/Workspace Dinar/bawaslu/vendor/laravel/framework/src/Illuminate/Container/BoundMethod.php(90): Illuminate\\Container\\BoundMethod::Illuminate\\Container\\{closure}()
#10 /mnt/d/Workspace Dinar/bawaslu/vendor/laravel/framework/src/Illuminate/Container/BoundMethod.php(34): Illuminate\\Container\\BoundMethod::callBoundMethod()
#11 /mnt/d/Workspace Dinar/bawaslu/vendor/laravel/framework/src/Illuminate/Container/Container.php(576): Illuminate\\Container\\BoundMethod::call()
#12 /mnt/d/Workspace Dinar/bawaslu/vendor/laravel/framework/src/Illuminate/Console/Command.php(183): Illuminate\\Container\\Container->call()
#13 /mnt/d/Workspace Dinar/bawaslu/vendor/symfony/console/Command/Command.php(255): Illuminate\\Console\\Command->execute()
#14 /mnt/d/Workspace Dinar/bawaslu/vendor/laravel/framework/src/Illuminate/Console/Command.php(170): Symfony\\Component\\Console\\Command\\Command->run()
#15 /mnt/d/Workspace Dinar/bawaslu/vendor/symfony/console/Application.php(1005): Illuminate\\Console\\Command->run()
#16 /mnt/d/Workspace Dinar/bawaslu/vendor/symfony/console/Application.php(271): Symfony\\Component\\Console\\Application->doRunCommand()
#17 /mnt/d/Workspace Dinar/bawaslu/vendor/symfony/console/Application.php(147): Symfony\\Component\\Console\\Application->doRun()
#18 /mnt/d/Workspace Dinar/bawaslu/vendor/laravel/framework/src/Illuminate/Console/Application.php(90): Symfony\\Component\\Console\\Application->run()
#19 /mnt/d/Workspace Dinar/bawaslu/vendor/laravel/framework/src/Illuminate/Foundation/Console/Kernel.php(133): Illuminate\\Console\\Application->run()
#20 /mnt/d/Workspace Dinar/bawaslu/artisan(37): Illuminate\\Foundation\\Console\\Kernel->handle()
#21 {main}
"} 
